<?xml version="1.0" encoding="UTF-8"?>
<testsuites name="RunAutoBill" time="47.027" tests="2" failures="1" errors="0">
   <testsuite name="RunAutoBill" tests="2" failures="1" errors="0" time="47.027" skipped="0" timestamp="2022-12-20 14:37:41" hostname="00139711 - L210605145W10.MAYBANK-MY.MBB.DIR" id="Test Suites/RunAutoBill">
      <properties>
         <property name="deviceName" value="OPPO CPH1823 (Android 10)"/>
         <property name="devicePlatform" value=""/>
         <property name="logFolder" value="D:\\Users\\00139711\\Documents\\Katalons\\RPP\\Reports\\20221220_143738\\RunAutoBill\\20221220_143738"/>
         <property name="logFiles" value="D:\\Users\\00139711\\Documents\\Katalons\\RPP\\Reports\\20221220_143738\\RunAutoBill\\20221220_143738\\appium.log, D:\\Users\\00139711\\Documents\\Katalons\\RPP\\Reports\\20221220_143738\\RunAutoBill\\20221220_143738\\execution0.log"/>
         <property name="attachments" value="D:\\Users\\00139711\\Documents\\Katalons\\RPP\\Reports\\20221220_143738\\RunAutoBill\\20221220_143738\\Screenshot/AutoBill/, D:\\Users\\00139711\\Documents\\Katalons\\RPP\\Reports\\20221220_143738\\RunAutoBill\\20221220_143738\\1671518307511.png"/>
         <property name="hostName" value="00139711 - L210605145W10.MAYBANK-MY.MBB.DIR"/>
         <property name="os" value="Windows 10 64bit"/>
         <property name="appiumServerStatus" value="{&quot;value&quot;:{&quot;build&quot;:{&quot;version&quot;:&quot;1.22.1&quot;}},&quot;sessionId&quot;:null,&quot;status&quot;:0}"/>
         <property name="katalonVersion" value="8.5.1.208"/>
         <property name="deviceOS" value="Android"/>
         <property name="appiumVersion" value="1.22.1"/>
         <property name="deviceModel" value="CPH1823"/>
         <property name="hostAddress" value="172.25.130.201"/>
         <property name="deviceManufacturer" value="OPPO"/>
         <property name="deviceId" value="N7U869LV456D5S8L"/>
         <property name="deviceName" value="OPPO CPH1823 (Android 10)"/>
         <property name="deviceOSVersion" value="10"/>
      </properties>
      <testcase name="Test Cases/B. QuickRun" time="20.263" classname="Test Cases/B. QuickRun" status="PASSED">
         <system-out><![CDATA[2022-12-20 14:37:42 - [TEST_CASE][PASSED] - Test Cases/B. QuickRun: Test Cases/B. QuickRun

2022-12-20 14:37:42 - [TEST_STEP][PASSED] - callTestCase(findTestCase("A. Start"), ["ID":1], CONTINUE_ON_FAILURE): Call Test Case 'Test Cases/A. Start' successfully

2022-12-20 14:37:43 - [TEST_CASE][PASSED] - Test Cases/A. Start: Test Cases/A. Start

2022-12-20 14:37:44 - [TEST_STEP][PASSED] - if (ID == 1): Starting app with application ID: 'com.maybank2u.life.dev'

2022-12-20 14:37:44 - [TEST_STEP][PASSED] - startExistingApplication("com.maybank2u.life.dev", STOP_ON_FAILURE): Starting app with application ID: 'com.maybank2u.life.dev'

2022-12-20 14:37:44 - [MESSAGE][INFO] - User set preference: ['androidScreenshotPath', '/Screenshot']

2022-12-20 14:37:44 - [MESSAGE][INFO] - User set preference: ['noReset', 'true']

2022-12-20 14:37:44 - [MESSAGE][INFO] - User set preference: ['AppWaitActivity', '*']

2022-12-20 14:37:44 - [MESSAGE][INFO] - User set preference: ['deviceId', 'N7U869LV456D5S8L']

2022-12-20 14:37:45 - [MESSAGE][INFO] - Detected NodeJS location: "C:\Program Files\nodejs\node.exe"

2022-12-20 14:37:47 - [MESSAGE][INFO] - Appium server started on port 58,850

2022-12-20 14:38:02 - [MESSAGE][PASSED] - Starting app with application ID: 'com.maybank2u.life.dev'

2022-12-20 14:38:02 - [MESSAGE][PASSED] - Call Test Case 'Test Cases/A. Start' successfully

2022-12-20 14:38:02 - [TEST_STEP][NOT_RUN] - callTestCase(findTestCase("Sprint 2-4/1. Entry Point"), ["ID":1], CONTINUE_ON_FAILURE): NOT_RUN: callTestCase(findTestCase("Sprint 2-4/1. Entry Point"), ["ID":1], CONTINUE_ON_FAILURE)

2022-12-20 14:38:02 - [MESSAGE][NOT_RUN] - NOT_RUN: callTestCase(findTestCase("Sprint 2-4/1. Entry Point"), ["ID":1], CONTINUE_ON_FAILURE)

2022-12-20 14:38:02 - [TEST_STEP][NOT_RUN] - callTestCase(findTestCase("Sprint 2-4/1a. DuitNowRequest - Validation"), ["ID":1], CONTINUE_ON_FAILURE): NOT_RUN: callTestCase(findTestCase("Sprint 2-4/1a. DuitNowRequest - Validation"), ["ID":1], CONTINUE_ON_FAILURE)

2022-12-20 14:38:02 - [MESSAGE][NOT_RUN] - NOT_RUN: callTestCase(findTestCase("Sprint 2-4/1a. DuitNowRequest - Validation"), ["ID":1], CONTINUE_ON_FAILURE)

2022-12-20 14:38:02 - [TEST_STEP][NOT_RUN] - callTestCase(findTestCase("Sprint 2-4/2a. Fav Transaction"), [:], CONTINUE_ON_FAILURE): NOT_RUN: callTestCase(findTestCase("Sprint 2-4/2a. Fav Transaction"), [:], CONTINUE_ON_FAILURE)

2022-12-20 14:38:02 - [MESSAGE][NOT_RUN] - NOT_RUN: callTestCase(findTestCase("Sprint 2-4/2a. Fav Transaction"), [:], CONTINUE_ON_FAILURE)

2022-12-20 14:38:02 - [TEST_STEP][NOT_RUN] - callTestCase(findTestCase("Sprint 9/Sprint 9 - AutoDebit Entry"), [:], CONTINUE_ON_FAILURE): NOT_RUN: callTestCase(findTestCase("Sprint 9/Sprint 9 - AutoDebit Entry"), [:], CONTINUE_ON_FAILURE)

2022-12-20 14:38:02 - [MESSAGE][NOT_RUN] - NOT_RUN: callTestCase(findTestCase("Sprint 9/Sprint 9 - AutoDebit Entry"), [:], CONTINUE_ON_FAILURE)]]></system-out>
         <system-err><![CDATA[]]></system-err>
      </testcase>
      <testcase name="Test Cases/Sprint 9/Sprint 9 - AutoDebit Transaction" time="26.373" classname="Test Cases/Sprint 9/Sprint 9 - AutoDebit Transaction" status="FAILED">
         <failure type="FAILED" message="Test Cases/Sprint 9/Sprint 9 - AutoDebit Transaction FAILED.
Reason:
com.kms.katalon.core.exception.StepFailedException: Object Object Repository/Text not found
	at com.kms.katalon.core.keyword.internal.KeywordMain.stepFailed(KeywordMain.groovy:39)
	at com.kms.katalon.core.mobile.keyword.internal.MobileKeywordMain.stepFailed(MobileKeywordMain.groovy:40)
	at com.kms.katalon.core.mobile.keyword.builtin.TapKeyword$_tap_closure1.doCall(TapKeyword.groovy:79)
	at com.kms.katalon.core.mobile.keyword.builtin.TapKeyword$_tap_closure1.call(TapKeyword.groovy)
	at com.kms.katalon.core.mobile.keyword.internal.MobileKeywordMain.runKeyword(MobileKeywordMain.groovy:21)
	at com.kms.katalon.core.mobile.keyword.builtin.TapKeyword.tap(TapKeyword.groovy:84)
	at com.kms.katalon.core.mobile.keyword.builtin.TapKeyword.execute(TapKeyword.groovy:68)
	at com.kms.katalon.core.keyword.internal.KeywordExecutor.executeKeywordForPlatform(KeywordExecutor.groovy:74)
	at com.kms.katalon.core.mobile.keyword.MobileBuiltInKeywords.tap(MobileBuiltInKeywords.groovy:1490)
	at com.kms.katalon.core.mobile.keyword.MobileBuiltInKeywords$tap$0.call(Unknown Source)
	at Sprint 9 - AutoDebit Transaction.run(Sprint 9 - AutoDebit Transaction:25)
	at com.kms.katalon.core.main.ScriptEngine.run(ScriptEngine.java:194)
	at com.kms.katalon.core.main.ScriptEngine.runScriptAsRawText(ScriptEngine.java:119)
	at com.kms.katalon.core.main.TestCaseExecutor.runScript(TestCaseExecutor.java:448)
	at com.kms.katalon.core.main.TestCaseExecutor.doExecute(TestCaseExecutor.java:439)
	at com.kms.katalon.core.main.TestCaseExecutor.processExecutionPhase(TestCaseExecutor.java:418)
	at com.kms.katalon.core.main.TestCaseExecutor.accessMainPhase(TestCaseExecutor.java:410)
	at com.kms.katalon.core.main.TestCaseExecutor.execute(TestCaseExecutor.java:285)
	at com.kms.katalon.core.common.CommonExecutor.accessTestCaseMainPhase(CommonExecutor.java:65)
	at com.kms.katalon.core.main.TestSuiteExecutor.accessTestSuiteMainPhase(TestSuiteExecutor.java:151)
	at com.kms.katalon.core.main.TestSuiteExecutor.execute(TestSuiteExecutor.java:106)
	at com.kms.katalon.core.main.TestCaseMain.startTestSuite(TestCaseMain.java:185)
	at com.kms.katalon.core.main.TestCaseMain$startTestSuite$0.call(Unknown Source)
	at TempTestSuite1671518258189.run(TempTestSuite1671518258189.groovy:36)
"/>
         <system-out><![CDATA[2022-12-20 14:38:02 - [TEST_CASE][FAILED] - Test Cases/Sprint 9/Sprint 9 - AutoDebit Transaction: Test Cases/Sprint 9/Sprint 9 - AutoDebit Transaction FAILED.
Reason:
com.kms.katalon.core.exception.StepFailedException: Object Object Repository/Text not found
	at com.kms.katalon.core.keyword.internal.KeywordMain.stepFailed(KeywordMain.groovy:39)
	at com.kms.katalon.core.mobile.keyword.internal.MobileKeywordMain.stepFailed(MobileKeywordMain.groovy:40)
	at com.kms.katalon.core.mobile.keyword.builtin.TapKeyword$_tap_closure1.doCall(TapKeyword.groovy:79)
	at com.kms.katalon.core.mobile.keyword.builtin.TapKeyword$_tap_closure1.call(TapKeyword.groovy)
	at com.kms.katalon.core.mobile.keyword.internal.MobileKeywordMain.runKeyword(MobileKeywordMain.groovy:21)
	at com.kms.katalon.core.mobile.keyword.builtin.TapKeyword.tap(TapKeyword.groovy:84)
	at com.kms.katalon.core.mobile.keyword.builtin.TapKeyword.execute(TapKeyword.groovy:68)
	at com.kms.katalon.core.keyword.internal.KeywordExecutor.executeKeywordForPlatform(KeywordExecutor.groovy:74)
	at com.kms.katalon.core.mobile.keyword.MobileBuiltInKeywords.tap(MobileBuiltInKeywords.groovy:1490)
	at com.kms.katalon.core.mobile.keyword.MobileBuiltInKeywords$tap$0.call(Unknown Source)
	at Sprint 9 - AutoDebit Transaction.run(Sprint 9 - AutoDebit Transaction:25)
	at com.kms.katalon.core.main.ScriptEngine.run(ScriptEngine.java:194)
	at com.kms.katalon.core.main.ScriptEngine.runScriptAsRawText(ScriptEngine.java:119)
	at com.kms.katalon.core.main.TestCaseExecutor.runScript(TestCaseExecutor.java:448)
	at com.kms.katalon.core.main.TestCaseExecutor.doExecute(TestCaseExecutor.java:439)
	at com.kms.katalon.core.main.TestCaseExecutor.processExecutionPhase(TestCaseExecutor.java:418)
	at com.kms.katalon.core.main.TestCaseExecutor.accessMainPhase(TestCaseExecutor.java:410)
	at com.kms.katalon.core.main.TestCaseExecutor.execute(TestCaseExecutor.java:285)
	at com.kms.katalon.core.common.CommonExecutor.accessTestCaseMainPhase(CommonExecutor.java:65)
	at com.kms.katalon.core.main.TestSuiteExecutor.accessTestSuiteMainPhase(TestSuiteExecutor.java:151)
	at com.kms.katalon.core.main.TestSuiteExecutor.execute(TestSuiteExecutor.java:106)
	at com.kms.katalon.core.main.TestCaseMain.startTestSuite(TestCaseMain.java:185)
	at com.kms.katalon.core.main.TestCaseMain$startTestSuite$0.call(Unknown Source)
	at TempTestSuite1671518258189.run(TempTestSuite1671518258189.groovy:36)


2022-12-20 14:38:03 - [TEST_STEP][FAILED] - tap(findTestObject("Text", ["Verify":findTestData("AutoBill").getValue(4, 8)]), 0): Object Object Repository/Text not found

2022-12-20 14:38:05 - [MESSAGE][WARNING] - Timeout '0' is invalid. Using default page load timeout: '10'

2022-12-20 14:38:15 - [MESSAGE][FAILED] - Object Object Repository/Text not found

2022-12-20 14:38:15 - [TEST_STEP][FAILED] - verifyEqual(getText(findTestObject("Text", ["Verify":findTestData("AutoBill").getValue(4, 10)]), 0), findTestData("AutoBill").getValue(4, 10)): Unable to verify equal between actual object 'null' and expected object 'Set Up Auto Billing via DuitNow AutoDebit' (Root cause: com.kms.katalon.core.exception.StepFailedException: Actual object 'null' and expected object 'Set Up Auto Billing via DuitNow AutoDebit' are not equal
	at com.kms.katalon.core.keyword.builtin.VerifyEqualKeyword$_verifyEqual_closure1.doCall(VerifyEqualKeyword.groovy:58)
	at com.kms.katalon.core.keyword.builtin.VerifyEqualKeyword$_verifyEqual_closure1.call(VerifyEqualKeyword.groovy)
	at com.kms.katalon.core.keyword.internal.KeywordMain.runKeyword(KeywordMain.groovy:74)
	at com.kms.katalon.core.keyword.builtin.VerifyEqualKeyword.verifyEqual(VerifyEqualKeyword.groovy:63)
	at com.kms.katalon.core.keyword.builtin.VerifyEqualKeyword.execute(VerifyEqualKeyword.groovy:44)
	at com.kms.katalon.core.keyword.internal.KeywordExecutor.executeKeywordForPlatform(KeywordExecutor.groovy:74)
	at com.kms.katalon.core.keyword.BuiltinKeywords.verifyEqual(BuiltinKeywords.groovy:141)
	at Sprint 9 - AutoDebit Transaction.run(Sprint 9 - AutoDebit Transaction:28)
	at com.kms.katalon.core.main.ScriptEngine.run(ScriptEngine.java:194)
	at com.kms.katalon.core.main.ScriptEngine.runScriptAsRawText(ScriptEngine.java:119)
	at com.kms.katalon.core.main.TestCaseExecutor.runScript(TestCaseExecutor.java:448)
	at com.kms.katalon.core.main.TestCaseExecutor.doExecute(TestCaseExecutor.java:439)
	at com.kms.katalon.core.main.TestCaseExecutor.processExecutionPhase(TestCaseExecutor.java:418)
	at com.kms.katalon.core.main.TestCaseExecutor.accessMainPhase(TestCaseExecutor.java:410)
	at com.kms.katalon.core.main.TestCaseExecutor.execute(TestCaseExecutor.java:285)
	at com.kms.katalon.core.common.CommonExecutor.accessTestCaseMainPhase(CommonExecutor.java:65)
	at com.kms.katalon.core.main.TestSuiteExecutor.accessTestSuiteMainPhase(TestSuiteExecutor.java:151)
	at com.kms.katalon.core.main.TestSuiteExecutor.execute(TestSuiteExecutor.java:106)
	at com.kms.katalon.core.main.TestCaseMain.startTestSuite(TestCaseMain.java:185)
	at com.kms.katalon.core.main.TestCaseMain$startTestSuite$0.call(Unknown Source)
	at TempTestSuite1671518258189.run(TempTestSuite1671518258189.groovy:36)
)

2022-12-20 14:38:15 - [MESSAGE][WARNING] - Timeout '0' is invalid. Using default page load timeout: '10'

2022-12-20 14:38:25 - [MESSAGE][FAILED] - Object Object Repository/Text not found

2022-12-20 14:38:25 - [MESSAGE][FAILED] - Unable to verify equal between actual object 'null' and expected object 'Set Up Auto Billing via DuitNow AutoDebit' (Root cause: com.kms.katalon.core.exception.StepFailedException: Actual object 'null' and expected object 'Set Up Auto Billing via DuitNow AutoDebit' are not equal
	at com.kms.katalon.core.keyword.builtin.VerifyEqualKeyword$_verifyEqual_closure1.doCall(VerifyEqualKeyword.groovy:58)
	at com.kms.katalon.core.keyword.builtin.VerifyEqualKeyword$_verifyEqual_closure1.call(VerifyEqualKeyword.groovy)
	at com.kms.katalon.core.keyword.internal.KeywordMain.runKeyword(KeywordMain.groovy:74)
	at com.kms.katalon.core.keyword.builtin.VerifyEqualKeyword.verifyEqual(VerifyEqualKeyword.groovy:63)
	at com.kms.katalon.core.keyword.builtin.VerifyEqualKeyword.execute(VerifyEqualKeyword.groovy:44)
	at com.kms.katalon.core.keyword.internal.KeywordExecutor.executeKeywordForPlatform(KeywordExecutor.groovy:74)
	at com.kms.katalon.core.keyword.BuiltinKeywords.verifyEqual(BuiltinKeywords.groovy:141)
	at Sprint 9 - AutoDebit Transaction.run(Sprint 9 - AutoDebit Transaction:28)
	at com.kms.katalon.core.main.ScriptEngine.run(ScriptEngine.java:194)
	at com.kms.katalon.core.main.ScriptEngine.runScriptAsRawText(ScriptEngine.java:119)
	at com.kms.katalon.core.main.TestCaseExecutor.runScript(TestCaseExecutor.java:448)
	at com.kms.katalon.core.main.TestCaseExecutor.doExecute(TestCaseExecutor.java:439)
	at com.kms.katalon.core.main.TestCaseExecutor.processExecutionPhase(TestCaseExecutor.java:418)
	at com.kms.katalon.core.main.TestCaseExecutor.accessMainPhase(TestCaseExecutor.java:410)
	at com.kms.katalon.core.main.TestCaseExecutor.execute(TestCaseExecutor.java:285)
	at com.kms.katalon.core.common.CommonExecutor.accessTestCaseMainPhase(CommonExecutor.java:65)
	at com.kms.katalon.core.main.TestSuiteExecutor.accessTestSuiteMainPhase(TestSuiteExecutor.java:151)
	at com.kms.katalon.core.main.TestSuiteExecutor.execute(TestSuiteExecutor.java:106)
	at com.kms.katalon.core.main.TestCaseMain.startTestSuite(TestCaseMain.java:185)
	at com.kms.katalon.core.main.TestCaseMain$startTestSuite$0.call(Unknown Source)
	at TempTestSuite1671518258189.run(TempTestSuite1671518258189.groovy:36)
)

2022-12-20 14:38:25 - [TEST_STEP][PASSED] - takeScreenshot("Screenshot/AutoBill/"): Screenshot is taken

2022-12-20 14:38:27 - [MESSAGE][WARNING] - Destination 'Screenshot\AutoBill' exists but is a directory

2022-12-20 14:38:27 - [MESSAGE][PASSED] - Screenshot is taken
[[ATTACHMENT|D:\\Users\\00139711\\Documents\\Katalons\\RPP\\Reports\\20221220_143738\\RunAutoBill\\20221220_143738\\Screenshot/AutoBill/]]

2022-12-20 14:38:27 - [TEST_STEP][FAILED] - verifyEqual(getText(findTestObject("Text", ["Verify":findTestData("AutoBill").getValue(4, 11)]), 0), findTestData("AutoBill").getValue(4, 11)): Unable to verify equal between actual object 'null' and expected object 'Please fill in merchant's details' (Root cause: com.kms.katalon.core.exception.StepFailedException: Actual object 'null' and expected object 'Please fill in merchant's details' are not equal
	at com.kms.katalon.core.keyword.builtin.VerifyEqualKeyword$_verifyEqual_closure1.doCall(VerifyEqualKeyword.groovy:58)
	at com.kms.katalon.core.keyword.builtin.VerifyEqualKeyword$_verifyEqual_closure1.call(VerifyEqualKeyword.groovy)
	at com.kms.katalon.core.keyword.internal.KeywordMain.runKeyword(KeywordMain.groovy:74)
	at com.kms.katalon.core.keyword.builtin.VerifyEqualKeyword.verifyEqual(VerifyEqualKeyword.groovy:63)
	at com.kms.katalon.core.keyword.builtin.VerifyEqualKeyword.execute(VerifyEqualKeyword.groovy:44)
	at com.kms.katalon.core.keyword.internal.KeywordExecutor.executeKeywordForPlatform(KeywordExecutor.groovy:74)
	at com.kms.katalon.core.keyword.BuiltinKeywords.verifyEqual(BuiltinKeywords.groovy:141)
	at Sprint 9 - AutoDebit Transaction.run(Sprint 9 - AutoDebit Transaction:34)
	at com.kms.katalon.core.main.ScriptEngine.run(ScriptEngine.java:194)
	at com.kms.katalon.core.main.ScriptEngine.runScriptAsRawText(ScriptEngine.java:119)
	at com.kms.katalon.core.main.TestCaseExecutor.runScript(TestCaseExecutor.java:448)
	at com.kms.katalon.core.main.TestCaseExecutor.doExecute(TestCaseExecutor.java:439)
	at com.kms.katalon.core.main.TestCaseExecutor.processExecutionPhase(TestCaseExecutor.java:418)
	at com.kms.katalon.core.main.TestCaseExecutor.accessMainPhase(TestCaseExecutor.java:410)
	at com.kms.katalon.core.main.TestCaseExecutor.execute(TestCaseExecutor.java:285)
	at com.kms.katalon.core.common.CommonExecutor.accessTestCaseMainPhase(CommonExecutor.java:65)
	at com.kms.katalon.core.main.TestSuiteExecutor.accessTestSuiteMainPhase(TestSuiteExecutor.java:151)
	at com.kms.katalon.core.main.TestSuiteExecutor.execute(TestSuiteExecutor.java:106)
	at com.kms.katalon.core.main.TestCaseMain.startTestSuite(TestCaseMain.java:185)
	at com.kms.katalon.core.main.TestCaseMain$startTestSuite$0.call(Unknown Source)
	at TempTestSuite1671518258189.run(TempTestSuite1671518258189.groovy:36)
)

2022-12-20 14:38:27 - [MESSAGE][WARNING] - Timeout '0' is invalid. Using default page load timeout: '10'

2022-12-20 14:38:28 - [MESSAGE][FAILED] - Failed to get text from element (Root cause: org.openqa.selenium.InvalidSelectorException: org.eclipse.wst.xml.xpath2.processor.XPathParserException: CUP parser error: Parser error: line 1 col 78: s
For documentation on this error, please visit: https://www.seleniumhq.org/exceptions/invalid_selector_exception.html
Build info: version: '3.141.59', revision: 'e82be7d358', time: '2018-11-14T08:25:53'
System info: host: 'L210605145W10', ip: '172.25.130.201', os.name: 'Windows 10', os.arch: 'amd64', os.version: '10.0', java.version: '1.8.0_282'
Driver info: com.kms.katalon.core.appium.driver.SwipeableAndroidDriver
Capabilities {AppWaitActivity: *, androidScreenshotPath: /Screenshot, appActivity: .Settings, appPackage: com.android.settings, autoGrantPermissions: true, automationName: uiautomator2, chromedriverPort: 58851, databaseEnabled: false, desired: {AppWaitActivity: *, androidScreenshotPath: /Screenshot, appActivity: .Settings, appPackage: com.android.settings, autoGrantPermissions: true, automationName: uiautomator2, chromedriverPort: 58851, deviceId: N7U869LV456D5S8L, deviceName: OPPO CPH1823 (Android 10), newCommandTimeout: 1800, noReset: true, platform: ANDROID, platformName: android, platformVersion: 10, systemPort: 8283, udid: N7U869LV456D5S8L}, deviceApiLevel: 29, deviceId: N7U869LV456D5S8L, deviceManufacturer: OPPO, deviceModel: CPH1823, deviceName: N7U869LV456D5S8L, deviceScreenDensity: 480, deviceScreenSize: 1080x2340, deviceUDID: N7U869LV456D5S8L, javascriptEnabled: true, locationContextEnabled: false, networkConnectionEnabled: true, newCommandTimeout: 1800, noReset: true, pixelRatio: 3, platform: ANDROID, platformName: Android, platformVersion: 10, statBarHeight: 96, systemPort: 8283, takesScreenshot: true, udid: N7U869LV456D5S8L, viewportRect: {height: 2032, left: 0, top: 96, width: 1080}, warnings: {}, webStorageEnabled: false}
Session ID: f25187c4-e76c-4cb5-8d71-560a289036c6
*** Element info: {Using=xpath, value=//*[@class = 'android.widget.TextView' and (@text = 'Please fill in merchant's details' or . = 'Please fill in merchant's details')]}
	at org.openqa.selenium.remote.http.W3CHttpResponseCodec.createException(W3CHttpResponseCodec.java:187)
	at org.openqa.selenium.remote.http.W3CHttpResponseCodec.decode(W3CHttpResponseCodec.java:122)
	at org.openqa.selenium.remote.http.W3CHttpResponseCodec.decode(W3CHttpResponseCodec.java:49)
	at org.openqa.selenium.remote.HttpCommandExecutor.execute(HttpCommandExecutor.java:158)
	at io.appium.java_client.remote.AppiumCommandExecutor.execute(AppiumCommandExecutor.java:239)
	at org.openqa.selenium.remote.RemoteWebDriver.execute(RemoteWebDriver.java:552)
	at io.appium.java_client.DefaultGenericMobileDriver.execute(DefaultGenericMobileDriver.java:42)
	at io.appium.java_client.AppiumDriver.execute(AppiumDriver.java:1)
	at io.appium.java_client.android.AndroidDriver.execute(AndroidDriver.java:1)
	at com.kms.katalon.core.appium.driver.SwipeableAndroidDriver.execute(SwipeableAndroidDriver.java:1)
	at org.openqa.selenium.remote.RemoteWebDriver.findElements(RemoteWebDriver.java:353)
	at io.appium.java_client.DefaultGenericMobileDriver.findElements(DefaultGenericMobileDriver.java:54)
	at io.appium.java_client.AppiumDriver.findElements(AppiumDriver.java:152)
	at org.openqa.selenium.remote.RemoteWebDriver.findElementsByXPath(RemoteWebDriver.java:432)
	at io.appium.java_client.DefaultGenericMobileDriver.findElementsByXPath(DefaultGenericMobileDriver.java:156)
	at io.appium.java_client.AppiumDriver.findElementsByXPath(AppiumDriver.java:184)
	at org.openqa.selenium.By$ByXPath.findElements(By.java:348)
	at org.openqa.selenium.remote.RemoteWebDriver.findElements(RemoteWebDriver.java:311)
	at io.appium.java_client.DefaultGenericMobileDriver.findElements(DefaultGenericMobileDriver.java:50)
	at io.appium.java_client.AppiumDriver.findElements(AppiumDriver.java:148)
	at com.kms.katalon.core.mobile.keyword.internal.MobileSearchEngine.findElementsByMobileLocator(MobileSearchEngine.java:636)
	at com.kms.katalon.core.mobile.keyword.internal.MobileSearchEngine.findWebElement(MobileSearchEngine.java:542)
	at com.kms.katalon.core.mobile.keyword.internal.MobileSearchEngine$findWebElement.call(Unknown Source)
	at com.kms.katalon.core.mobile.keyword.internal.MobileAbstractKeyword.findElement(MobileAbstractKeyword.groovy:84)
	at com.kms.katalon.core.mobile.keyword.builtin.GetTextKeyword.access$1(GetTextKeyword.groovy)
	at com.kms.katalon.core.mobile.keyword.builtin.GetTextKeyword$_getText_closure1.doCall(GetTextKeyword.groovy:72)
	at com.kms.katalon.core.mobile.keyword.builtin.GetTextKeyword$_getText_closure1.call(GetTextKeyword.groovy)
	at com.kms.katalon.core.mobile.keyword.internal.MobileKeywordMain.runKeyword(MobileKeywordMain.groovy:21)
	at com.kms.katalon.core.mobile.keyword.builtin.GetTextKeyword.getText(GetTextKeyword.groovy:80)
	at com.kms.katalon.core.mobile.keyword.builtin.GetTextKeyword.execute(GetTextKeyword.groovy:64)
	at com.kms.katalon.core.keyword.internal.KeywordExecutor.executeKeywordForPlatform(KeywordExecutor.groovy:74)
	at com.kms.katalon.core.mobile.keyword.MobileBuiltInKeywords.getText(MobileBuiltInKeywords.groovy:1274)
	at com.kms.katalon.core.mobile.keyword.MobileBuiltInKeywords$getText$1.call(Unknown Source)
	at Sprint 9 - AutoDebit Transaction.run(Sprint 9 - AutoDebit Transaction:34)
	at com.kms.katalon.core.main.ScriptEngine.run(ScriptEngine.java:194)
	at com.kms.katalon.core.main.ScriptEngine.runScriptAsRawText(ScriptEngine.java:119)
	at com.kms.katalon.core.main.TestCaseExecutor.runScript(TestCaseExecutor.java:448)
	at com.kms.katalon.core.main.TestCaseExecutor.doExecute(TestCaseExecutor.java:439)
	at com.kms.katalon.core.main.TestCaseExecutor.processExecutionPhase(TestCaseExecutor.java:418)
	at com.kms.katalon.core.main.TestCaseExecutor.accessMainPhase(TestCaseExecutor.java:410)
	at com.kms.katalon.core.main.TestCaseExecutor.execute(TestCaseExecutor.java:285)
	at com.kms.katalon.core.common.CommonExecutor.accessTestCaseMainPhase(CommonExecutor.java:65)
	at com.kms.katalon.core.main.TestSuiteExecutor.accessTestSuiteMainPhase(TestSuiteExecutor.java:151)
	at com.kms.katalon.core.main.TestSuiteExecutor.execute(TestSuiteExecutor.java:106)
	at com.kms.katalon.core.main.TestCaseMain.startTestSuite(TestCaseMain.java:185)
	at com.kms.katalon.core.main.TestCaseMain$startTestSuite$0.call(Unknown Source)
	at TempTestSuite1671518258189.run(TempTestSuite1671518258189.groovy:36)
)
[[ATTACHMENT|D:\\Users\\00139711\\Documents\\Katalons\\RPP\\Reports\\20221220_143738\\RunAutoBill\\20221220_143738\\1671518307511.png]]

2022-12-20 14:38:28 - [MESSAGE][FAILED] - Unable to verify equal between actual object 'null' and expected object 'Please fill in merchant's details' (Root cause: com.kms.katalon.core.exception.StepFailedException: Actual object 'null' and expected object 'Please fill in merchant's details' are not equal
	at com.kms.katalon.core.keyword.builtin.VerifyEqualKeyword$_verifyEqual_closure1.doCall(VerifyEqualKeyword.groovy:58)
	at com.kms.katalon.core.keyword.builtin.VerifyEqualKeyword$_verifyEqual_closure1.call(VerifyEqualKeyword.groovy)
	at com.kms.katalon.core.keyword.internal.KeywordMain.runKeyword(KeywordMain.groovy:74)
	at com.kms.katalon.core.keyword.builtin.VerifyEqualKeyword.verifyEqual(VerifyEqualKeyword.groovy:63)
	at com.kms.katalon.core.keyword.builtin.VerifyEqualKeyword.execute(VerifyEqualKeyword.groovy:44)
	at com.kms.katalon.core.keyword.internal.KeywordExecutor.executeKeywordForPlatform(KeywordExecutor.groovy:74)
	at com.kms.katalon.core.keyword.BuiltinKeywords.verifyEqual(BuiltinKeywords.groovy:141)
	at Sprint 9 - AutoDebit Transaction.run(Sprint 9 - AutoDebit Transaction:34)
	at com.kms.katalon.core.main.ScriptEngine.run(ScriptEngine.java:194)
	at com.kms.katalon.core.main.ScriptEngine.runScriptAsRawText(ScriptEngine.java:119)
	at com.kms.katalon.core.main.TestCaseExecutor.runScript(TestCaseExecutor.java:448)
	at com.kms.katalon.core.main.TestCaseExecutor.doExecute(TestCaseExecutor.java:439)
	at com.kms.katalon.core.main.TestCaseExecutor.processExecutionPhase(TestCaseExecutor.java:418)
	at com.kms.katalon.core.main.TestCaseExecutor.accessMainPhase(TestCaseExecutor.java:410)
	at com.kms.katalon.core.main.TestCaseExecutor.execute(TestCaseExecutor.java:285)
	at com.kms.katalon.core.common.CommonExecutor.accessTestCaseMainPhase(CommonExecutor.java:65)
	at com.kms.katalon.core.main.TestSuiteExecutor.accessTestSuiteMainPhase(TestSuiteExecutor.java:151)
	at com.kms.katalon.core.main.TestSuiteExecutor.execute(TestSuiteExecutor.java:106)
	at com.kms.katalon.core.main.TestCaseMain.startTestSuite(TestCaseMain.java:185)
	at com.kms.katalon.core.main.TestCaseMain$startTestSuite$0.call(Unknown Source)
	at TempTestSuite1671518258189.run(TempTestSuite1671518258189.groovy:36)
)

2022-12-20 14:38:28 - [TEST_STEP][ERROR] - takeAreaScreenshot(findTestObject("Text", ["Verify":"Be Right Back!"]), CONTINUE_ON_FAILURE): Test Cases/Sprint 9/Sprint 9 - AutoDebit Transaction FAILED.
Reason:
groovy.lang.MissingMethodException: No signature of method: static com.kms.katalon.core.mobile.keyword.MobileBuiltInKeywords.takeAreaScreenshot() is applicable for argument types: (com.kms.katalon.core.testobject.MobileTestObject, com.kms.katalon.core.model.FailureHandling) values: [TestObject - 'Object Repository/Text', CONTINUE_ON_FAILURE]
Possible solutions: takeAreaScreenshot(org.openqa.selenium.Rectangle, com.kms.katalon.core.model.FailureHandling), takeAreaScreenshot(org.openqa.selenium.Rectangle), takeAreaScreenshot(java.lang.String, org.openqa.selenium.Rectangle), takeAreaScreenshot(java.lang.String, org.openqa.selenium.Rectangle, com.kms.katalon.core.model.FailureHandling), takeAreaScreenshot(java.lang.String, org.openqa.selenium.Rectangle, java.util.List), takeAreaScreenshot(java.lang.String, org.openqa.selenium.Rectangle, java.util.List, com.kms.katalon.core.model.FailureHandling)
	at Sprint 9 - AutoDebit Transaction.run(Sprint 9 - AutoDebit Transaction:37)
	at com.kms.katalon.core.main.ScriptEngine.run(ScriptEngine.java:194)
	at com.kms.katalon.core.main.ScriptEngine.runScriptAsRawText(ScriptEngine.java:119)
	at com.kms.katalon.core.main.TestCaseExecutor.runScript(TestCaseExecutor.java:448)
	at com.kms.katalon.core.main.TestCaseExecutor.doExecute(TestCaseExecutor.java:439)
	at com.kms.katalon.core.main.TestCaseExecutor.processExecutionPhase(TestCaseExecutor.java:418)
	at com.kms.katalon.core.main.TestCaseExecutor.accessMainPhase(TestCaseExecutor.java:410)
	at com.kms.katalon.core.main.TestCaseExecutor.execute(TestCaseExecutor.java:285)
	at com.kms.katalon.core.common.CommonExecutor.accessTestCaseMainPhase(CommonExecutor.java:65)
	at com.kms.katalon.core.main.TestSuiteExecutor.accessTestSuiteMainPhase(TestSuiteExecutor.java:151)
	at com.kms.katalon.core.main.TestSuiteExecutor.execute(TestSuiteExecutor.java:106)
	at com.kms.katalon.core.main.TestCaseMain.startTestSuite(TestCaseMain.java:185)
	at com.kms.katalon.core.main.TestCaseMain$startTestSuite$0.call(Unknown Source)
	at TempTestSuite1671518258189.run(TempTestSuite1671518258189.groovy:36)


2022-12-20 14:38:28 - [MESSAGE][ERROR] - Test Cases/Sprint 9/Sprint 9 - AutoDebit Transaction FAILED.
Reason:
groovy.lang.MissingMethodException: No signature of method: static com.kms.katalon.core.mobile.keyword.MobileBuiltInKeywords.takeAreaScreenshot() is applicable for argument types: (com.kms.katalon.core.testobject.MobileTestObject, com.kms.katalon.core.model.FailureHandling) values: [TestObject - 'Object Repository/Text', CONTINUE_ON_FAILURE]
Possible solutions: takeAreaScreenshot(org.openqa.selenium.Rectangle, com.kms.katalon.core.model.FailureHandling), takeAreaScreenshot(org.openqa.selenium.Rectangle), takeAreaScreenshot(java.lang.String, org.openqa.selenium.Rectangle), takeAreaScreenshot(java.lang.String, org.openqa.selenium.Rectangle, com.kms.katalon.core.model.FailureHandling), takeAreaScreenshot(java.lang.String, org.openqa.selenium.Rectangle, java.util.List), takeAreaScreenshot(java.lang.String, org.openqa.selenium.Rectangle, java.util.List, com.kms.katalon.core.model.FailureHandling)
	at Sprint 9 - AutoDebit Transaction.run(Sprint 9 - AutoDebit Transaction:37)
	at com.kms.katalon.core.main.ScriptEngine.run(ScriptEngine.java:194)
	at com.kms.katalon.core.main.ScriptEngine.runScriptAsRawText(ScriptEngine.java:119)
	at com.kms.katalon.core.main.TestCaseExecutor.runScript(TestCaseExecutor.java:448)
	at com.kms.katalon.core.main.TestCaseExecutor.doExecute(TestCaseExecutor.java:439)
	at com.kms.katalon.core.main.TestCaseExecutor.processExecutionPhase(TestCaseExecutor.java:418)
	at com.kms.katalon.core.main.TestCaseExecutor.accessMainPhase(TestCaseExecutor.java:410)
	at com.kms.katalon.core.main.TestCaseExecutor.execute(TestCaseExecutor.java:285)
	at com.kms.katalon.core.common.CommonExecutor.accessTestCaseMainPhase(CommonExecutor.java:65)
	at com.kms.katalon.core.main.TestSuiteExecutor.accessTestSuiteMainPhase(TestSuiteExecutor.java:151)
	at com.kms.katalon.core.main.TestSuiteExecutor.execute(TestSuiteExecutor.java:106)
	at com.kms.katalon.core.main.TestCaseMain.startTestSuite(TestCaseMain.java:185)
	at com.kms.katalon.core.main.TestCaseMain$startTestSuite$0.call(Unknown Source)
	at TempTestSuite1671518258189.run(TempTestSuite1671518258189.groovy:36)]]></system-out>
         <system-err><![CDATA[2022-12-20 14:38:02 - [TEST_CASE][FAILED] - Test Cases/Sprint 9/Sprint 9 - AutoDebit Transaction: Test Cases/Sprint 9/Sprint 9 - AutoDebit Transaction FAILED.
Reason:
com.kms.katalon.core.exception.StepFailedException: Object Object Repository/Text not found
	at com.kms.katalon.core.keyword.internal.KeywordMain.stepFailed(KeywordMain.groovy:39)
	at com.kms.katalon.core.mobile.keyword.internal.MobileKeywordMain.stepFailed(MobileKeywordMain.groovy:40)
	at com.kms.katalon.core.mobile.keyword.builtin.TapKeyword$_tap_closure1.doCall(TapKeyword.groovy:79)
	at com.kms.katalon.core.mobile.keyword.builtin.TapKeyword$_tap_closure1.call(TapKeyword.groovy)
	at com.kms.katalon.core.mobile.keyword.internal.MobileKeywordMain.runKeyword(MobileKeywordMain.groovy:21)
	at com.kms.katalon.core.mobile.keyword.builtin.TapKeyword.tap(TapKeyword.groovy:84)
	at com.kms.katalon.core.mobile.keyword.builtin.TapKeyword.execute(TapKeyword.groovy:68)
	at com.kms.katalon.core.keyword.internal.KeywordExecutor.executeKeywordForPlatform(KeywordExecutor.groovy:74)
	at com.kms.katalon.core.mobile.keyword.MobileBuiltInKeywords.tap(MobileBuiltInKeywords.groovy:1490)
	at com.kms.katalon.core.mobile.keyword.MobileBuiltInKeywords$tap$0.call(Unknown Source)
	at Sprint 9 - AutoDebit Transaction.run(Sprint 9 - AutoDebit Transaction:25)
	at com.kms.katalon.core.main.ScriptEngine.run(ScriptEngine.java:194)
	at com.kms.katalon.core.main.ScriptEngine.runScriptAsRawText(ScriptEngine.java:119)
	at com.kms.katalon.core.main.TestCaseExecutor.runScript(TestCaseExecutor.java:448)
	at com.kms.katalon.core.main.TestCaseExecutor.doExecute(TestCaseExecutor.java:439)
	at com.kms.katalon.core.main.TestCaseExecutor.processExecutionPhase(TestCaseExecutor.java:418)
	at com.kms.katalon.core.main.TestCaseExecutor.accessMainPhase(TestCaseExecutor.java:410)
	at com.kms.katalon.core.main.TestCaseExecutor.execute(TestCaseExecutor.java:285)
	at com.kms.katalon.core.common.CommonExecutor.accessTestCaseMainPhase(CommonExecutor.java:65)
	at com.kms.katalon.core.main.TestSuiteExecutor.accessTestSuiteMainPhase(TestSuiteExecutor.java:151)
	at com.kms.katalon.core.main.TestSuiteExecutor.execute(TestSuiteExecutor.java:106)
	at com.kms.katalon.core.main.TestCaseMain.startTestSuite(TestCaseMain.java:185)
	at com.kms.katalon.core.main.TestCaseMain$startTestSuite$0.call(Unknown Source)
	at TempTestSuite1671518258189.run(TempTestSuite1671518258189.groovy:36)]]></system-err>
      </testcase>
      <system-out><![CDATA[2022-12-20 14:37:41 - [TEST_SUITE][FAILED] - RunAutoBill: Test Cases/Sprint 9/Sprint 9 - AutoDebit Transaction FAILED.
Reason:
com.kms.katalon.core.exception.StepFailedException: Object Object Repository/Text not found
	at com.kms.katalon.core.keyword.internal.KeywordMain.stepFailed(KeywordMain.groovy:39)
	at com.kms.katalon.core.mobile.keyword.internal.MobileKeywordMain.stepFailed(MobileKeywordMain.groovy:40)
	at com.kms.katalon.core.mobile.keyword.builtin.TapKeyword$_tap_closure1.doCall(TapKeyword.groovy:79)
	at com.kms.katalon.core.mobile.keyword.builtin.TapKeyword$_tap_closure1.call(TapKeyword.groovy)
	at com.kms.katalon.core.mobile.keyword.internal.MobileKeywordMain.runKeyword(MobileKeywordMain.groovy:21)
	at com.kms.katalon.core.mobile.keyword.builtin.TapKeyword.tap(TapKeyword.groovy:84)
	at com.kms.katalon.core.mobile.keyword.builtin.TapKeyword.execute(TapKeyword.groovy:68)
	at com.kms.katalon.core.keyword.internal.KeywordExecutor.executeKeywordForPlatform(KeywordExecutor.groovy:74)
	at com.kms.katalon.core.mobile.keyword.MobileBuiltInKeywords.tap(MobileBuiltInKeywords.groovy:1490)
	at com.kms.katalon.core.mobile.keyword.MobileBuiltInKeywords$tap$0.call(Unknown Source)
	at Sprint 9 - AutoDebit Transaction.run(Sprint 9 - AutoDebit Transaction:25)
	at com.kms.katalon.core.main.ScriptEngine.run(ScriptEngine.java:194)
	at com.kms.katalon.core.main.ScriptEngine.runScriptAsRawText(ScriptEngine.java:119)
	at com.kms.katalon.core.main.TestCaseExecutor.runScript(TestCaseExecutor.java:448)
	at com.kms.katalon.core.main.TestCaseExecutor.doExecute(TestCaseExecutor.java:439)
	at com.kms.katalon.core.main.TestCaseExecutor.processExecutionPhase(TestCaseExecutor.java:418)
	at com.kms.katalon.core.main.TestCaseExecutor.accessMainPhase(TestCaseExecutor.java:410)
	at com.kms.katalon.core.main.TestCaseExecutor.execute(TestCaseExecutor.java:285)
	at com.kms.katalon.core.common.CommonExecutor.accessTestCaseMainPhase(CommonExecutor.java:65)
	at com.kms.katalon.core.main.TestSuiteExecutor.accessTestSuiteMainPhase(TestSuiteExecutor.java:151)
	at com.kms.katalon.core.main.TestSuiteExecutor.execute(TestSuiteExecutor.java:106)
	at com.kms.katalon.core.main.TestCaseMain.startTestSuite(TestCaseMain.java:185)
	at com.kms.katalon.core.main.TestCaseMain$startTestSuite$0.call(Unknown Source)
	at TempTestSuite1671518258189.run(TempTestSuite1671518258189.groovy:36)]]></system-out>
      <system-err><![CDATA[2022-12-20 14:37:41 - [TEST_SUITE][FAILED] - RunAutoBill: Test Cases/Sprint 9/Sprint 9 - AutoDebit Transaction FAILED.
Reason:
com.kms.katalon.core.exception.StepFailedException: Object Object Repository/Text not found
	at com.kms.katalon.core.keyword.internal.KeywordMain.stepFailed(KeywordMain.groovy:39)
	at com.kms.katalon.core.mobile.keyword.internal.MobileKeywordMain.stepFailed(MobileKeywordMain.groovy:40)
	at com.kms.katalon.core.mobile.keyword.builtin.TapKeyword$_tap_closure1.doCall(TapKeyword.groovy:79)
	at com.kms.katalon.core.mobile.keyword.builtin.TapKeyword$_tap_closure1.call(TapKeyword.groovy)
	at com.kms.katalon.core.mobile.keyword.internal.MobileKeywordMain.runKeyword(MobileKeywordMain.groovy:21)
	at com.kms.katalon.core.mobile.keyword.builtin.TapKeyword.tap(TapKeyword.groovy:84)
	at com.kms.katalon.core.mobile.keyword.builtin.TapKeyword.execute(TapKeyword.groovy:68)
	at com.kms.katalon.core.keyword.internal.KeywordExecutor.executeKeywordForPlatform(KeywordExecutor.groovy:74)
	at com.kms.katalon.core.mobile.keyword.MobileBuiltInKeywords.tap(MobileBuiltInKeywords.groovy:1490)
	at com.kms.katalon.core.mobile.keyword.MobileBuiltInKeywords$tap$0.call(Unknown Source)
	at Sprint 9 - AutoDebit Transaction.run(Sprint 9 - AutoDebit Transaction:25)
	at com.kms.katalon.core.main.ScriptEngine.run(ScriptEngine.java:194)
	at com.kms.katalon.core.main.ScriptEngine.runScriptAsRawText(ScriptEngine.java:119)
	at com.kms.katalon.core.main.TestCaseExecutor.runScript(TestCaseExecutor.java:448)
	at com.kms.katalon.core.main.TestCaseExecutor.doExecute(TestCaseExecutor.java:439)
	at com.kms.katalon.core.main.TestCaseExecutor.processExecutionPhase(TestCaseExecutor.java:418)
	at com.kms.katalon.core.main.TestCaseExecutor.accessMainPhase(TestCaseExecutor.java:410)
	at com.kms.katalon.core.main.TestCaseExecutor.execute(TestCaseExecutor.java:285)
	at com.kms.katalon.core.common.CommonExecutor.accessTestCaseMainPhase(CommonExecutor.java:65)
	at com.kms.katalon.core.main.TestSuiteExecutor.accessTestSuiteMainPhase(TestSuiteExecutor.java:151)
	at com.kms.katalon.core.main.TestSuiteExecutor.execute(TestSuiteExecutor.java:106)
	at com.kms.katalon.core.main.TestCaseMain.startTestSuite(TestCaseMain.java:185)
	at com.kms.katalon.core.main.TestCaseMain$startTestSuite$0.call(Unknown Source)
	at TempTestSuite1671518258189.run(TempTestSuite1671518258189.groovy:36)]]></system-err>
   </testsuite>
</testsuites>
