<?xml version="1.0" encoding="UTF-8"?>
<testsuites name="RunAutoBill" time="29.63" tests="2" failures="1" errors="0">
   <testsuite name="RunAutoBill" tests="2" failures="1" errors="0" time="29.63" skipped="0" timestamp="2022-12-20 14:40:23" hostname="00139711 - L210605145W10.MAYBANK-MY.MBB.DIR" id="Test Suites/RunAutoBill">
      <properties>
         <property name="deviceName" value="OPPO CPH1823 (Android 10)"/>
         <property name="devicePlatform" value=""/>
         <property name="logFolder" value="D:\\Users\\00139711\\Documents\\Katalons\\RPP\\Reports\\20221220_144019\\RunAutoBill\\20221220_144019"/>
         <property name="logFiles" value="D:\\Users\\00139711\\Documents\\Katalons\\RPP\\Reports\\20221220_144019\\RunAutoBill\\20221220_144019\\appium.log, D:\\Users\\00139711\\Documents\\Katalons\\RPP\\Reports\\20221220_144019\\RunAutoBill\\20221220_144019\\execution0.log"/>
         <property name="attachments" value=""/>
         <property name="hostName" value="00139711 - L210605145W10.MAYBANK-MY.MBB.DIR"/>
         <property name="os" value="Windows 10 64bit"/>
         <property name="appiumServerStatus" value="{&quot;value&quot;:{&quot;build&quot;:{&quot;version&quot;:&quot;1.22.1&quot;}},&quot;sessionId&quot;:null,&quot;status&quot;:0}"/>
         <property name="katalonVersion" value="8.5.1.208"/>
         <property name="deviceOS" value="Android"/>
         <property name="appiumVersion" value="1.22.1"/>
         <property name="deviceModel" value="CPH1823"/>
         <property name="hostAddress" value="172.25.130.201"/>
         <property name="deviceManufacturer" value="OPPO"/>
         <property name="deviceId" value="N7U869LV456D5S8L"/>
         <property name="deviceName" value="OPPO CPH1823 (Android 10)"/>
         <property name="deviceOSVersion" value="10"/>
      </properties>
      <testcase name="Test Cases/B. QuickRun" time="17.811" classname="Test Cases/B. QuickRun" status="PASSED">
         <system-out><![CDATA[2022-12-20 14:40:23 - [TEST_CASE][PASSED] - Test Cases/B. QuickRun: Test Cases/B. QuickRun

2022-12-20 14:40:23 - [TEST_STEP][PASSED] - callTestCase(findTestCase("A. Start"), ["ID":1], CONTINUE_ON_FAILURE): Call Test Case 'Test Cases/A. Start' successfully

2022-12-20 14:40:24 - [TEST_CASE][PASSED] - Test Cases/A. Start: Test Cases/A. Start

2022-12-20 14:40:24 - [TEST_STEP][PASSED] - if (ID == 1): Starting app with application ID: 'com.maybank2u.life.dev'

2022-12-20 14:40:24 - [TEST_STEP][PASSED] - startExistingApplication("com.maybank2u.life.dev", STOP_ON_FAILURE): Starting app with application ID: 'com.maybank2u.life.dev'

2022-12-20 14:40:25 - [MESSAGE][INFO] - User set preference: ['androidScreenshotPath', '/Screenshot']

2022-12-20 14:40:25 - [MESSAGE][INFO] - User set preference: ['noReset', 'true']

2022-12-20 14:40:25 - [MESSAGE][INFO] - User set preference: ['AppWaitActivity', '*']

2022-12-20 14:40:25 - [MESSAGE][INFO] - User set preference: ['deviceId', 'N7U869LV456D5S8L']

2022-12-20 14:40:25 - [MESSAGE][INFO] - Detected NodeJS location: "C:\Program Files\nodejs\node.exe"

2022-12-20 14:40:27 - [MESSAGE][INFO] - Appium server started on port 59,329

2022-12-20 14:40:41 - [MESSAGE][PASSED] - Starting app with application ID: 'com.maybank2u.life.dev'

2022-12-20 14:40:41 - [MESSAGE][PASSED] - Call Test Case 'Test Cases/A. Start' successfully

2022-12-20 14:40:41 - [TEST_STEP][NOT_RUN] - callTestCase(findTestCase("Sprint 2-4/1. Entry Point"), ["ID":1], CONTINUE_ON_FAILURE): NOT_RUN: callTestCase(findTestCase("Sprint 2-4/1. Entry Point"), ["ID":1], CONTINUE_ON_FAILURE)

2022-12-20 14:40:41 - [MESSAGE][NOT_RUN] - NOT_RUN: callTestCase(findTestCase("Sprint 2-4/1. Entry Point"), ["ID":1], CONTINUE_ON_FAILURE)

2022-12-20 14:40:41 - [TEST_STEP][NOT_RUN] - callTestCase(findTestCase("Sprint 2-4/1a. DuitNowRequest - Validation"), ["ID":1], CONTINUE_ON_FAILURE): NOT_RUN: callTestCase(findTestCase("Sprint 2-4/1a. DuitNowRequest - Validation"), ["ID":1], CONTINUE_ON_FAILURE)

2022-12-20 14:40:41 - [MESSAGE][NOT_RUN] - NOT_RUN: callTestCase(findTestCase("Sprint 2-4/1a. DuitNowRequest - Validation"), ["ID":1], CONTINUE_ON_FAILURE)

2022-12-20 14:40:41 - [TEST_STEP][NOT_RUN] - callTestCase(findTestCase("Sprint 2-4/2a. Fav Transaction"), [:], CONTINUE_ON_FAILURE): NOT_RUN: callTestCase(findTestCase("Sprint 2-4/2a. Fav Transaction"), [:], CONTINUE_ON_FAILURE)

2022-12-20 14:40:41 - [MESSAGE][NOT_RUN] - NOT_RUN: callTestCase(findTestCase("Sprint 2-4/2a. Fav Transaction"), [:], CONTINUE_ON_FAILURE)

2022-12-20 14:40:41 - [TEST_STEP][NOT_RUN] - callTestCase(findTestCase("Sprint 9/Sprint 9 - AutoDebit Entry"), [:], CONTINUE_ON_FAILURE): NOT_RUN: callTestCase(findTestCase("Sprint 9/Sprint 9 - AutoDebit Entry"), [:], CONTINUE_ON_FAILURE)

2022-12-20 14:40:41 - [MESSAGE][NOT_RUN] - NOT_RUN: callTestCase(findTestCase("Sprint 9/Sprint 9 - AutoDebit Entry"), [:], CONTINUE_ON_FAILURE)]]></system-out>
         <system-err><![CDATA[]]></system-err>
      </testcase>
      <testcase name="Test Cases/Sprint 9/Sprint 9 - AutoDebit Transaction" time="11.512" classname="Test Cases/Sprint 9/Sprint 9 - AutoDebit Transaction" status="FAILED">
         <failure type="FAILED" message="Test Cases/Sprint 9/Sprint 9 - AutoDebit Transaction FAILED.
Reason:
com.kms.katalon.core.exception.StepFailedException: Object Object Repository/Text not found
	at com.kms.katalon.core.keyword.internal.KeywordMain.stepFailed(KeywordMain.groovy:39)
	at com.kms.katalon.core.mobile.keyword.internal.MobileKeywordMain.stepFailed(MobileKeywordMain.groovy:40)
	at com.kms.katalon.core.mobile.keyword.builtin.TapKeyword$_tap_closure1.doCall(TapKeyword.groovy:79)
	at com.kms.katalon.core.mobile.keyword.builtin.TapKeyword$_tap_closure1.call(TapKeyword.groovy)
	at com.kms.katalon.core.mobile.keyword.internal.MobileKeywordMain.runKeyword(MobileKeywordMain.groovy:21)
	at com.kms.katalon.core.mobile.keyword.builtin.TapKeyword.tap(TapKeyword.groovy:84)
	at com.kms.katalon.core.mobile.keyword.builtin.TapKeyword.execute(TapKeyword.groovy:68)
	at com.kms.katalon.core.keyword.internal.KeywordExecutor.executeKeywordForPlatform(KeywordExecutor.groovy:74)
	at com.kms.katalon.core.mobile.keyword.MobileBuiltInKeywords.tap(MobileBuiltInKeywords.groovy:1490)
	at com.kms.katalon.core.mobile.keyword.MobileBuiltInKeywords$tap$0.call(Unknown Source)
	at Sprint 9 - AutoDebit Transaction.run(Sprint 9 - AutoDebit Transaction:25)
	at com.kms.katalon.core.main.ScriptEngine.run(ScriptEngine.java:194)
	at com.kms.katalon.core.main.ScriptEngine.runScriptAsRawText(ScriptEngine.java:119)
	at com.kms.katalon.core.main.TestCaseExecutor.runScript(TestCaseExecutor.java:448)
	at com.kms.katalon.core.main.TestCaseExecutor.doExecute(TestCaseExecutor.java:439)
	at com.kms.katalon.core.main.TestCaseExecutor.processExecutionPhase(TestCaseExecutor.java:418)
	at com.kms.katalon.core.main.TestCaseExecutor.accessMainPhase(TestCaseExecutor.java:410)
	at com.kms.katalon.core.main.TestCaseExecutor.execute(TestCaseExecutor.java:285)
	at com.kms.katalon.core.common.CommonExecutor.accessTestCaseMainPhase(CommonExecutor.java:65)
	at com.kms.katalon.core.main.TestSuiteExecutor.accessTestSuiteMainPhase(TestSuiteExecutor.java:151)
	at com.kms.katalon.core.main.TestSuiteExecutor.execute(TestSuiteExecutor.java:106)
	at com.kms.katalon.core.main.TestCaseMain.startTestSuite(TestCaseMain.java:185)
	at com.kms.katalon.core.main.TestCaseMain$startTestSuite$0.call(Unknown Source)
	at TempTestSuite1671518419595.run(TempTestSuite1671518419595.groovy:36)
"/>
         <system-out><![CDATA[2022-12-20 14:40:41 - [TEST_CASE][FAILED] - Test Cases/Sprint 9/Sprint 9 - AutoDebit Transaction: Test Cases/Sprint 9/Sprint 9 - AutoDebit Transaction FAILED.
Reason:
com.kms.katalon.core.exception.StepFailedException: Object Object Repository/Text not found
	at com.kms.katalon.core.keyword.internal.KeywordMain.stepFailed(KeywordMain.groovy:39)
	at com.kms.katalon.core.mobile.keyword.internal.MobileKeywordMain.stepFailed(MobileKeywordMain.groovy:40)
	at com.kms.katalon.core.mobile.keyword.builtin.TapKeyword$_tap_closure1.doCall(TapKeyword.groovy:79)
	at com.kms.katalon.core.mobile.keyword.builtin.TapKeyword$_tap_closure1.call(TapKeyword.groovy)
	at com.kms.katalon.core.mobile.keyword.internal.MobileKeywordMain.runKeyword(MobileKeywordMain.groovy:21)
	at com.kms.katalon.core.mobile.keyword.builtin.TapKeyword.tap(TapKeyword.groovy:84)
	at com.kms.katalon.core.mobile.keyword.builtin.TapKeyword.execute(TapKeyword.groovy:68)
	at com.kms.katalon.core.keyword.internal.KeywordExecutor.executeKeywordForPlatform(KeywordExecutor.groovy:74)
	at com.kms.katalon.core.mobile.keyword.MobileBuiltInKeywords.tap(MobileBuiltInKeywords.groovy:1490)
	at com.kms.katalon.core.mobile.keyword.MobileBuiltInKeywords$tap$0.call(Unknown Source)
	at Sprint 9 - AutoDebit Transaction.run(Sprint 9 - AutoDebit Transaction:25)
	at com.kms.katalon.core.main.ScriptEngine.run(ScriptEngine.java:194)
	at com.kms.katalon.core.main.ScriptEngine.runScriptAsRawText(ScriptEngine.java:119)
	at com.kms.katalon.core.main.TestCaseExecutor.runScript(TestCaseExecutor.java:448)
	at com.kms.katalon.core.main.TestCaseExecutor.doExecute(TestCaseExecutor.java:439)
	at com.kms.katalon.core.main.TestCaseExecutor.processExecutionPhase(TestCaseExecutor.java:418)
	at com.kms.katalon.core.main.TestCaseExecutor.accessMainPhase(TestCaseExecutor.java:410)
	at com.kms.katalon.core.main.TestCaseExecutor.execute(TestCaseExecutor.java:285)
	at com.kms.katalon.core.common.CommonExecutor.accessTestCaseMainPhase(CommonExecutor.java:65)
	at com.kms.katalon.core.main.TestSuiteExecutor.accessTestSuiteMainPhase(TestSuiteExecutor.java:151)
	at com.kms.katalon.core.main.TestSuiteExecutor.execute(TestSuiteExecutor.java:106)
	at com.kms.katalon.core.main.TestCaseMain.startTestSuite(TestCaseMain.java:185)
	at com.kms.katalon.core.main.TestCaseMain$startTestSuite$0.call(Unknown Source)
	at TempTestSuite1671518419595.run(TempTestSuite1671518419595.groovy:36)


2022-12-20 14:40:41 - [TEST_STEP][FAILED] - tap(findTestObject("Text", ["Verify":findTestData("AutoBill").getValue(4, 8)]), 0): Object Object Repository/Text not found

2022-12-20 14:40:42 - [MESSAGE][WARNING] - Timeout '0' is invalid. Using default page load timeout: '10'

2022-12-20 14:40:52 - [MESSAGE][FAILED] - Object Object Repository/Text not found

2022-12-20 14:40:52 - [TEST_STEP][ERROR] - takeAreaScreenshot("test.png", CONTINUE_ON_FAILURE): Test Cases/Sprint 9/Sprint 9 - AutoDebit Transaction FAILED.
Reason:
groovy.lang.MissingMethodException: No signature of method: static com.kms.katalon.core.mobile.keyword.MobileBuiltInKeywords.takeAreaScreenshot() is applicable for argument types: (java.lang.String, com.kms.katalon.core.model.FailureHandling) values: [test.png, CONTINUE_ON_FAILURE]
Possible solutions: takeAreaScreenshot(java.lang.String, org.openqa.selenium.Rectangle), takeAreaScreenshot(org.openqa.selenium.Rectangle, com.kms.katalon.core.model.FailureHandling), takeAreaScreenshot(java.lang.String, org.openqa.selenium.Rectangle, com.kms.katalon.core.model.FailureHandling), takeAreaScreenshot(org.openqa.selenium.Rectangle), takeAreaScreenshot(java.lang.String, org.openqa.selenium.Rectangle, java.util.List), takeAreaScreenshot(java.lang.String, org.openqa.selenium.Rectangle, java.util.List, com.kms.katalon.core.model.FailureHandling)
	at Sprint 9 - AutoDebit Transaction.run(Sprint 9 - AutoDebit Transaction:27)
	at com.kms.katalon.core.main.ScriptEngine.run(ScriptEngine.java:194)
	at com.kms.katalon.core.main.ScriptEngine.runScriptAsRawText(ScriptEngine.java:119)
	at com.kms.katalon.core.main.TestCaseExecutor.runScript(TestCaseExecutor.java:448)
	at com.kms.katalon.core.main.TestCaseExecutor.doExecute(TestCaseExecutor.java:439)
	at com.kms.katalon.core.main.TestCaseExecutor.processExecutionPhase(TestCaseExecutor.java:418)
	at com.kms.katalon.core.main.TestCaseExecutor.accessMainPhase(TestCaseExecutor.java:410)
	at com.kms.katalon.core.main.TestCaseExecutor.execute(TestCaseExecutor.java:285)
	at com.kms.katalon.core.common.CommonExecutor.accessTestCaseMainPhase(CommonExecutor.java:65)
	at com.kms.katalon.core.main.TestSuiteExecutor.accessTestSuiteMainPhase(TestSuiteExecutor.java:151)
	at com.kms.katalon.core.main.TestSuiteExecutor.execute(TestSuiteExecutor.java:106)
	at com.kms.katalon.core.main.TestCaseMain.startTestSuite(TestCaseMain.java:185)
	at com.kms.katalon.core.main.TestCaseMain$startTestSuite$0.call(Unknown Source)
	at TempTestSuite1671518419595.run(TempTestSuite1671518419595.groovy:36)


2022-12-20 14:40:52 - [MESSAGE][ERROR] - Test Cases/Sprint 9/Sprint 9 - AutoDebit Transaction FAILED.
Reason:
groovy.lang.MissingMethodException: No signature of method: static com.kms.katalon.core.mobile.keyword.MobileBuiltInKeywords.takeAreaScreenshot() is applicable for argument types: (java.lang.String, com.kms.katalon.core.model.FailureHandling) values: [test.png, CONTINUE_ON_FAILURE]
Possible solutions: takeAreaScreenshot(java.lang.String, org.openqa.selenium.Rectangle), takeAreaScreenshot(org.openqa.selenium.Rectangle, com.kms.katalon.core.model.FailureHandling), takeAreaScreenshot(java.lang.String, org.openqa.selenium.Rectangle, com.kms.katalon.core.model.FailureHandling), takeAreaScreenshot(org.openqa.selenium.Rectangle), takeAreaScreenshot(java.lang.String, org.openqa.selenium.Rectangle, java.util.List), takeAreaScreenshot(java.lang.String, org.openqa.selenium.Rectangle, java.util.List, com.kms.katalon.core.model.FailureHandling)
	at Sprint 9 - AutoDebit Transaction.run(Sprint 9 - AutoDebit Transaction:27)
	at com.kms.katalon.core.main.ScriptEngine.run(ScriptEngine.java:194)
	at com.kms.katalon.core.main.ScriptEngine.runScriptAsRawText(ScriptEngine.java:119)
	at com.kms.katalon.core.main.TestCaseExecutor.runScript(TestCaseExecutor.java:448)
	at com.kms.katalon.core.main.TestCaseExecutor.doExecute(TestCaseExecutor.java:439)
	at com.kms.katalon.core.main.TestCaseExecutor.processExecutionPhase(TestCaseExecutor.java:418)
	at com.kms.katalon.core.main.TestCaseExecutor.accessMainPhase(TestCaseExecutor.java:410)
	at com.kms.katalon.core.main.TestCaseExecutor.execute(TestCaseExecutor.java:285)
	at com.kms.katalon.core.common.CommonExecutor.accessTestCaseMainPhase(CommonExecutor.java:65)
	at com.kms.katalon.core.main.TestSuiteExecutor.accessTestSuiteMainPhase(TestSuiteExecutor.java:151)
	at com.kms.katalon.core.main.TestSuiteExecutor.execute(TestSuiteExecutor.java:106)
	at com.kms.katalon.core.main.TestCaseMain.startTestSuite(TestCaseMain.java:185)
	at com.kms.katalon.core.main.TestCaseMain$startTestSuite$0.call(Unknown Source)
	at TempTestSuite1671518419595.run(TempTestSuite1671518419595.groovy:36)]]></system-out>
         <system-err><![CDATA[2022-12-20 14:40:41 - [TEST_CASE][FAILED] - Test Cases/Sprint 9/Sprint 9 - AutoDebit Transaction: Test Cases/Sprint 9/Sprint 9 - AutoDebit Transaction FAILED.
Reason:
com.kms.katalon.core.exception.StepFailedException: Object Object Repository/Text not found
	at com.kms.katalon.core.keyword.internal.KeywordMain.stepFailed(KeywordMain.groovy:39)
	at com.kms.katalon.core.mobile.keyword.internal.MobileKeywordMain.stepFailed(MobileKeywordMain.groovy:40)
	at com.kms.katalon.core.mobile.keyword.builtin.TapKeyword$_tap_closure1.doCall(TapKeyword.groovy:79)
	at com.kms.katalon.core.mobile.keyword.builtin.TapKeyword$_tap_closure1.call(TapKeyword.groovy)
	at com.kms.katalon.core.mobile.keyword.internal.MobileKeywordMain.runKeyword(MobileKeywordMain.groovy:21)
	at com.kms.katalon.core.mobile.keyword.builtin.TapKeyword.tap(TapKeyword.groovy:84)
	at com.kms.katalon.core.mobile.keyword.builtin.TapKeyword.execute(TapKeyword.groovy:68)
	at com.kms.katalon.core.keyword.internal.KeywordExecutor.executeKeywordForPlatform(KeywordExecutor.groovy:74)
	at com.kms.katalon.core.mobile.keyword.MobileBuiltInKeywords.tap(MobileBuiltInKeywords.groovy:1490)
	at com.kms.katalon.core.mobile.keyword.MobileBuiltInKeywords$tap$0.call(Unknown Source)
	at Sprint 9 - AutoDebit Transaction.run(Sprint 9 - AutoDebit Transaction:25)
	at com.kms.katalon.core.main.ScriptEngine.run(ScriptEngine.java:194)
	at com.kms.katalon.core.main.ScriptEngine.runScriptAsRawText(ScriptEngine.java:119)
	at com.kms.katalon.core.main.TestCaseExecutor.runScript(TestCaseExecutor.java:448)
	at com.kms.katalon.core.main.TestCaseExecutor.doExecute(TestCaseExecutor.java:439)
	at com.kms.katalon.core.main.TestCaseExecutor.processExecutionPhase(TestCaseExecutor.java:418)
	at com.kms.katalon.core.main.TestCaseExecutor.accessMainPhase(TestCaseExecutor.java:410)
	at com.kms.katalon.core.main.TestCaseExecutor.execute(TestCaseExecutor.java:285)
	at com.kms.katalon.core.common.CommonExecutor.accessTestCaseMainPhase(CommonExecutor.java:65)
	at com.kms.katalon.core.main.TestSuiteExecutor.accessTestSuiteMainPhase(TestSuiteExecutor.java:151)
	at com.kms.katalon.core.main.TestSuiteExecutor.execute(TestSuiteExecutor.java:106)
	at com.kms.katalon.core.main.TestCaseMain.startTestSuite(TestCaseMain.java:185)
	at com.kms.katalon.core.main.TestCaseMain$startTestSuite$0.call(Unknown Source)
	at TempTestSuite1671518419595.run(TempTestSuite1671518419595.groovy:36)]]></system-err>
      </testcase>
      <system-out><![CDATA[2022-12-20 14:40:23 - [TEST_SUITE][FAILED] - RunAutoBill: Test Cases/Sprint 9/Sprint 9 - AutoDebit Transaction FAILED.
Reason:
com.kms.katalon.core.exception.StepFailedException: Object Object Repository/Text not found
	at com.kms.katalon.core.keyword.internal.KeywordMain.stepFailed(KeywordMain.groovy:39)
	at com.kms.katalon.core.mobile.keyword.internal.MobileKeywordMain.stepFailed(MobileKeywordMain.groovy:40)
	at com.kms.katalon.core.mobile.keyword.builtin.TapKeyword$_tap_closure1.doCall(TapKeyword.groovy:79)
	at com.kms.katalon.core.mobile.keyword.builtin.TapKeyword$_tap_closure1.call(TapKeyword.groovy)
	at com.kms.katalon.core.mobile.keyword.internal.MobileKeywordMain.runKeyword(MobileKeywordMain.groovy:21)
	at com.kms.katalon.core.mobile.keyword.builtin.TapKeyword.tap(TapKeyword.groovy:84)
	at com.kms.katalon.core.mobile.keyword.builtin.TapKeyword.execute(TapKeyword.groovy:68)
	at com.kms.katalon.core.keyword.internal.KeywordExecutor.executeKeywordForPlatform(KeywordExecutor.groovy:74)
	at com.kms.katalon.core.mobile.keyword.MobileBuiltInKeywords.tap(MobileBuiltInKeywords.groovy:1490)
	at com.kms.katalon.core.mobile.keyword.MobileBuiltInKeywords$tap$0.call(Unknown Source)
	at Sprint 9 - AutoDebit Transaction.run(Sprint 9 - AutoDebit Transaction:25)
	at com.kms.katalon.core.main.ScriptEngine.run(ScriptEngine.java:194)
	at com.kms.katalon.core.main.ScriptEngine.runScriptAsRawText(ScriptEngine.java:119)
	at com.kms.katalon.core.main.TestCaseExecutor.runScript(TestCaseExecutor.java:448)
	at com.kms.katalon.core.main.TestCaseExecutor.doExecute(TestCaseExecutor.java:439)
	at com.kms.katalon.core.main.TestCaseExecutor.processExecutionPhase(TestCaseExecutor.java:418)
	at com.kms.katalon.core.main.TestCaseExecutor.accessMainPhase(TestCaseExecutor.java:410)
	at com.kms.katalon.core.main.TestCaseExecutor.execute(TestCaseExecutor.java:285)
	at com.kms.katalon.core.common.CommonExecutor.accessTestCaseMainPhase(CommonExecutor.java:65)
	at com.kms.katalon.core.main.TestSuiteExecutor.accessTestSuiteMainPhase(TestSuiteExecutor.java:151)
	at com.kms.katalon.core.main.TestSuiteExecutor.execute(TestSuiteExecutor.java:106)
	at com.kms.katalon.core.main.TestCaseMain.startTestSuite(TestCaseMain.java:185)
	at com.kms.katalon.core.main.TestCaseMain$startTestSuite$0.call(Unknown Source)
	at TempTestSuite1671518419595.run(TempTestSuite1671518419595.groovy:36)]]></system-out>
      <system-err><![CDATA[2022-12-20 14:40:23 - [TEST_SUITE][FAILED] - RunAutoBill: Test Cases/Sprint 9/Sprint 9 - AutoDebit Transaction FAILED.
Reason:
com.kms.katalon.core.exception.StepFailedException: Object Object Repository/Text not found
	at com.kms.katalon.core.keyword.internal.KeywordMain.stepFailed(KeywordMain.groovy:39)
	at com.kms.katalon.core.mobile.keyword.internal.MobileKeywordMain.stepFailed(MobileKeywordMain.groovy:40)
	at com.kms.katalon.core.mobile.keyword.builtin.TapKeyword$_tap_closure1.doCall(TapKeyword.groovy:79)
	at com.kms.katalon.core.mobile.keyword.builtin.TapKeyword$_tap_closure1.call(TapKeyword.groovy)
	at com.kms.katalon.core.mobile.keyword.internal.MobileKeywordMain.runKeyword(MobileKeywordMain.groovy:21)
	at com.kms.katalon.core.mobile.keyword.builtin.TapKeyword.tap(TapKeyword.groovy:84)
	at com.kms.katalon.core.mobile.keyword.builtin.TapKeyword.execute(TapKeyword.groovy:68)
	at com.kms.katalon.core.keyword.internal.KeywordExecutor.executeKeywordForPlatform(KeywordExecutor.groovy:74)
	at com.kms.katalon.core.mobile.keyword.MobileBuiltInKeywords.tap(MobileBuiltInKeywords.groovy:1490)
	at com.kms.katalon.core.mobile.keyword.MobileBuiltInKeywords$tap$0.call(Unknown Source)
	at Sprint 9 - AutoDebit Transaction.run(Sprint 9 - AutoDebit Transaction:25)
	at com.kms.katalon.core.main.ScriptEngine.run(ScriptEngine.java:194)
	at com.kms.katalon.core.main.ScriptEngine.runScriptAsRawText(ScriptEngine.java:119)
	at com.kms.katalon.core.main.TestCaseExecutor.runScript(TestCaseExecutor.java:448)
	at com.kms.katalon.core.main.TestCaseExecutor.doExecute(TestCaseExecutor.java:439)
	at com.kms.katalon.core.main.TestCaseExecutor.processExecutionPhase(TestCaseExecutor.java:418)
	at com.kms.katalon.core.main.TestCaseExecutor.accessMainPhase(TestCaseExecutor.java:410)
	at com.kms.katalon.core.main.TestCaseExecutor.execute(TestCaseExecutor.java:285)
	at com.kms.katalon.core.common.CommonExecutor.accessTestCaseMainPhase(CommonExecutor.java:65)
	at com.kms.katalon.core.main.TestSuiteExecutor.accessTestSuiteMainPhase(TestSuiteExecutor.java:151)
	at com.kms.katalon.core.main.TestSuiteExecutor.execute(TestSuiteExecutor.java:106)
	at com.kms.katalon.core.main.TestCaseMain.startTestSuite(TestCaseMain.java:185)
	at com.kms.katalon.core.main.TestCaseMain$startTestSuite$0.call(Unknown Source)
	at TempTestSuite1671518419595.run(TempTestSuite1671518419595.groovy:36)]]></system-err>
   </testsuite>
</testsuites>
